{"E:\\workspaceForTrae\\e-card\\src\\store\\index.ts": {"path":"E:\\workspaceForTrae\\e-card\\src\\store\\index.ts","statementMap":{"0":{"start":{"line":5,"column":19},"end":{"line":5,"column":null}},"1":{"start":{"line":5,"column":25},"end":{"line":5,"column":null}},"2":{"start":{"line":8,"column":24},"end":{"line":16,"column":null}},"3":{"start":{"line":8,"column":63},"end":{"line":16,"column":null}},"4":{"start":{"line":107,"column":13},"end":{"line":526,"column":null}},"5":{"start":{"line":108,"column":22},"end":{"line":108,"column":null}},"6":{"start":{"line":110,"column":22},"end":{"line":122,"column":null}},"7":{"start":{"line":111,"column":4},"end":{"line":121,"column":null}},"8":{"start":{"line":112,"column":25},"end":{"line":112,"column":null}},"9":{"start":{"line":113,"column":6},"end":{"line":113,"column":null}},"10":{"start":{"line":114,"column":6},"end":{"line":116,"column":null}},"11":{"start":{"line":115,"column":8},"end":{"line":115,"column":null}},"12":{"start":{"line":117,"column":6},"end":{"line":120,"column":null}},"13":{"start":{"line":124,"column":2},"end":{"line":525,"column":null}},"14":{"start":{"line":138,"column":6},"end":{"line":143,"column":null}},"15":{"start":{"line":139,"column":26},"end":{"line":139,"column":null}},"16":{"start":{"line":140,"column":26},"end":{"line":140,"column":null}},"17":{"start":{"line":141,"column":8},"end":{"line":141,"column":null}},"18":{"start":{"line":142,"column":8},"end":{"line":142,"column":null}},"19":{"start":{"line":146,"column":6},"end":{"line":156,"column":null}},"20":{"start":{"line":147,"column":26},"end":{"line":147,"column":null}},"21":{"start":{"line":148,"column":24},"end":{"line":148,"column":null}},"22":{"start":{"line":149,"column":26},"end":{"line":153,"column":null}},"23":{"start":{"line":154,"column":8},"end":{"line":154,"column":null}},"24":{"start":{"line":155,"column":8},"end":{"line":155,"column":null}},"25":{"start":{"line":159,"column":6},"end":{"line":174,"column":null}},"26":{"start":{"line":160,"column":26},"end":{"line":160,"column":null}},"27":{"start":{"line":161,"column":25},"end":{"line":161,"column":null}},"28":{"start":{"line":161,"column":63},"end":{"line":161,"column":78}},"29":{"start":{"line":162,"column":27},"end":{"line":162,"column":null}},"30":{"start":{"line":162,"column":53},"end":{"line":162,"column":83}},"31":{"start":{"line":163,"column":23},"end":{"line":163,"column":null}},"32":{"start":{"line":164,"column":8},"end":{"line":166,"column":null}},"33":{"start":{"line":165,"column":10},"end":{"line":165,"column":null}},"34":{"start":{"line":167,"column":26},"end":{"line":171,"column":null}},"35":{"start":{"line":172,"column":8},"end":{"line":172,"column":null}},"36":{"start":{"line":173,"column":8},"end":{"line":173,"column":null}},"37":{"start":{"line":177,"column":6},"end":{"line":203,"column":null}},"38":{"start":{"line":178,"column":26},"end":{"line":178,"column":null}},"39":{"start":{"line":179,"column":26},"end":{"line":179,"column":null}},"40":{"start":{"line":179,"column":67},"end":{"line":179,"column":82}},"41":{"start":{"line":180,"column":8},"end":{"line":180,"column":null}},"42":{"start":{"line":180,"column":30},"end":{"line":180,"column":null}},"43":{"start":{"line":181,"column":27},"end":{"line":181,"column":null}},"44":{"start":{"line":182,"column":34},"end":{"line":187,"column":null}},"45":{"start":{"line":186,"column":53},"end":{"line":186,"column":81}},"46":{"start":{"line":188,"column":25},"end":{"line":195,"column":null}},"47":{"start":{"line":191,"column":75},"end":{"line":194,"column":12}},"48":{"start":{"line":196,"column":26},"end":{"line":200,"column":null}},"49":{"start":{"line":201,"column":8},"end":{"line":201,"column":null}},"50":{"start":{"line":202,"column":8},"end":{"line":202,"column":null}},"51":{"start":{"line":206,"column":6},"end":{"line":212,"column":null}},"52":{"start":{"line":206,"column":22},"end":{"line":212,"column":8}},"53":{"start":{"line":215,"column":6},"end":{"line":225,"column":null}},"54":{"start":{"line":216,"column":26},"end":{"line":216,"column":null}},"55":{"start":{"line":217,"column":26},"end":{"line":222,"column":null}},"56":{"start":{"line":220,"column":12},"end":{"line":220,"column":null}},"57":{"start":{"line":223,"column":8},"end":{"line":223,"column":null}},"58":{"start":{"line":224,"column":8},"end":{"line":224,"column":null}},"59":{"start":{"line":228,"column":6},"end":{"line":240,"column":null}},"60":{"start":{"line":229,"column":26},"end":{"line":229,"column":null}},"61":{"start":{"line":230,"column":25},"end":{"line":230,"column":null}},"62":{"start":{"line":231,"column":26},"end":{"line":231,"column":null}},"63":{"start":{"line":232,"column":8},"end":{"line":232,"column":null}},"64":{"start":{"line":233,"column":27},"end":{"line":233,"column":null}},"65":{"start":{"line":233,"column":53},"end":{"line":233,"column":83}},"66":{"start":{"line":234,"column":26},"end":{"line":237,"column":null}},"67":{"start":{"line":238,"column":8},"end":{"line":238,"column":null}},"68":{"start":{"line":239,"column":8},"end":{"line":239,"column":null}},"69":{"start":{"line":243,"column":6},"end":{"line":256,"column":null}},"70":{"start":{"line":244,"column":26},"end":{"line":244,"column":null}},"71":{"start":{"line":245,"column":28},"end":{"line":245,"column":null}},"72":{"start":{"line":246,"column":8},"end":{"line":246,"column":null}},"73":{"start":{"line":246,"column":26},"end":{"line":246,"column":null}},"74":{"start":{"line":247,"column":27},"end":{"line":247,"column":null}},"75":{"start":{"line":248,"column":25},"end":{"line":252,"column":null}},"76":{"start":{"line":249,"column":10},"end":{"line":251,"column":null}},"77":{"start":{"line":253,"column":26},"end":{"line":253,"column":null}},"78":{"start":{"line":254,"column":8},"end":{"line":254,"column":null}},"79":{"start":{"line":255,"column":8},"end":{"line":255,"column":null}},"80":{"start":{"line":259,"column":6},"end":{"line":268,"column":null}},"81":{"start":{"line":260,"column":26},"end":{"line":260,"column":null}},"82":{"start":{"line":261,"column":25},"end":{"line":264,"column":null}},"83":{"start":{"line":261,"column":61},"end":{"line":264,"column":10}},"84":{"start":{"line":263,"column":44},"end":{"line":263,"column":86}},"85":{"start":{"line":265,"column":26},"end":{"line":265,"column":null}},"86":{"start":{"line":266,"column":8},"end":{"line":266,"column":null}},"87":{"start":{"line":267,"column":8},"end":{"line":267,"column":null}},"88":{"start":{"line":271,"column":6},"end":{"line":280,"column":null}},"89":{"start":{"line":272,"column":26},"end":{"line":272,"column":null}},"90":{"start":{"line":273,"column":25},"end":{"line":276,"column":null}},"91":{"start":{"line":273,"column":61},"end":{"line":276,"column":10}},"92":{"start":{"line":275,"column":46},"end":{"line":275,"column":58}},"93":{"start":{"line":277,"column":26},"end":{"line":277,"column":null}},"94":{"start":{"line":278,"column":8},"end":{"line":278,"column":null}},"95":{"start":{"line":279,"column":8},"end":{"line":279,"column":null}},"96":{"start":{"line":283,"column":6},"end":{"line":301,"column":null}},"97":{"start":{"line":284,"column":26},"end":{"line":284,"column":null}},"98":{"start":{"line":285,"column":28},"end":{"line":285,"column":null}},"99":{"start":{"line":286,"column":8},"end":{"line":286,"column":null}},"100":{"start":{"line":286,"column":26},"end":{"line":286,"column":null}},"101":{"start":{"line":287,"column":26},"end":{"line":287,"column":null}},"102":{"start":{"line":287,"column":71},"end":{"line":287,"column":85}},"103":{"start":{"line":288,"column":25},"end":{"line":297,"column":null}},"104":{"start":{"line":289,"column":10},"end":{"line":296,"column":null}},"105":{"start":{"line":293,"column":18},"end":{"line":293,"column":null}},"106":{"start":{"line":298,"column":26},"end":{"line":298,"column":null}},"107":{"start":{"line":299,"column":8},"end":{"line":299,"column":null}},"108":{"start":{"line":300,"column":8},"end":{"line":300,"column":null}},"109":{"start":{"line":304,"column":6},"end":{"line":322,"column":null}},"110":{"start":{"line":305,"column":26},"end":{"line":305,"column":null}},"111":{"start":{"line":306,"column":28},"end":{"line":306,"column":null}},"112":{"start":{"line":307,"column":8},"end":{"line":307,"column":null}},"113":{"start":{"line":307,"column":26},"end":{"line":307,"column":null}},"114":{"start":{"line":308,"column":26},"end":{"line":308,"column":null}},"115":{"start":{"line":308,"column":71},"end":{"line":308,"column":85}},"116":{"start":{"line":309,"column":25},"end":{"line":318,"column":null}},"117":{"start":{"line":310,"column":10},"end":{"line":317,"column":null}},"118":{"start":{"line":314,"column":18},"end":{"line":314,"column":null}},"119":{"start":{"line":319,"column":26},"end":{"line":319,"column":null}},"120":{"start":{"line":320,"column":8},"end":{"line":320,"column":null}},"121":{"start":{"line":321,"column":8},"end":{"line":321,"column":null}},"122":{"start":{"line":325,"column":6},"end":{"line":347,"column":null}},"123":{"start":{"line":326,"column":26},"end":{"line":326,"column":null}},"124":{"start":{"line":327,"column":28},"end":{"line":327,"column":null}},"125":{"start":{"line":328,"column":8},"end":{"line":328,"column":null}},"126":{"start":{"line":328,"column":26},"end":{"line":328,"column":null}},"127":{"start":{"line":329,"column":31},"end":{"line":329,"column":null}},"128":{"start":{"line":329,"column":66},"end":{"line":329,"column":105}},"129":{"start":{"line":330,"column":26},"end":{"line":330,"column":null}},"130":{"start":{"line":330,"column":59},"end":{"line":330,"column":78}},"131":{"start":{"line":331,"column":8},"end":{"line":331,"column":null}},"132":{"start":{"line":331,"column":72},"end":{"line":331,"column":null}},"133":{"start":{"line":332,"column":29},"end":{"line":332,"column":null}},"134":{"start":{"line":333,"column":14},"end":{"line":333,"column":null}},"135":{"start":{"line":334,"column":25},"end":{"line":343,"column":null}},"136":{"start":{"line":335,"column":10},"end":{"line":342,"column":null}},"137":{"start":{"line":339,"column":18},"end":{"line":339,"column":null}},"138":{"start":{"line":344,"column":26},"end":{"line":344,"column":null}},"139":{"start":{"line":345,"column":8},"end":{"line":345,"column":null}},"140":{"start":{"line":346,"column":8},"end":{"line":346,"column":null}},"141":{"start":{"line":350,"column":6},"end":{"line":372,"column":null}},"142":{"start":{"line":351,"column":26},"end":{"line":351,"column":null}},"143":{"start":{"line":352,"column":28},"end":{"line":352,"column":null}},"144":{"start":{"line":353,"column":8},"end":{"line":353,"column":null}},"145":{"start":{"line":353,"column":26},"end":{"line":353,"column":null}},"146":{"start":{"line":354,"column":31},"end":{"line":354,"column":null}},"147":{"start":{"line":354,"column":66},"end":{"line":354,"column":105}},"148":{"start":{"line":355,"column":26},"end":{"line":355,"column":null}},"149":{"start":{"line":355,"column":59},"end":{"line":355,"column":78}},"150":{"start":{"line":356,"column":8},"end":{"line":356,"column":null}},"151":{"start":{"line":356,"column":48},"end":{"line":356,"column":null}},"152":{"start":{"line":357,"column":29},"end":{"line":357,"column":null}},"153":{"start":{"line":358,"column":14},"end":{"line":358,"column":null}},"154":{"start":{"line":359,"column":25},"end":{"line":368,"column":null}},"155":{"start":{"line":360,"column":10},"end":{"line":367,"column":null}},"156":{"start":{"line":364,"column":18},"end":{"line":364,"column":null}},"157":{"start":{"line":369,"column":26},"end":{"line":369,"column":null}},"158":{"start":{"line":370,"column":8},"end":{"line":370,"column":null}},"159":{"start":{"line":371,"column":8},"end":{"line":371,"column":null}},"160":{"start":{"line":375,"column":6},"end":{"line":386,"column":null}},"161":{"start":{"line":376,"column":26},"end":{"line":376,"column":null}},"162":{"start":{"line":377,"column":25},"end":{"line":382,"column":null}},"163":{"start":{"line":377,"column":61},"end":{"line":382,"column":10}},"164":{"start":{"line":380,"column":12},"end":{"line":380,"column":null}},"165":{"start":{"line":383,"column":26},"end":{"line":383,"column":null}},"166":{"start":{"line":384,"column":8},"end":{"line":384,"column":null}},"167":{"start":{"line":385,"column":8},"end":{"line":385,"column":null}},"168":{"start":{"line":389,"column":6},"end":{"line":400,"column":null}},"169":{"start":{"line":390,"column":26},"end":{"line":390,"column":null}},"170":{"start":{"line":391,"column":25},"end":{"line":396,"column":null}},"171":{"start":{"line":391,"column":61},"end":{"line":396,"column":10}},"172":{"start":{"line":394,"column":12},"end":{"line":394,"column":null}},"173":{"start":{"line":397,"column":26},"end":{"line":397,"column":null}},"174":{"start":{"line":398,"column":8},"end":{"line":398,"column":null}},"175":{"start":{"line":399,"column":8},"end":{"line":399,"column":null}},"176":{"start":{"line":403,"column":6},"end":{"line":442,"column":null}},"177":{"start":{"line":404,"column":8},"end":{"line":404,"column":null}},"178":{"start":{"line":404,"column":35},"end":{"line":404,"column":null}},"179":{"start":{"line":406,"column":26},"end":{"line":406,"column":null}},"180":{"start":{"line":407,"column":28},"end":{"line":407,"column":null}},"181":{"start":{"line":408,"column":8},"end":{"line":408,"column":null}},"182":{"start":{"line":408,"column":26},"end":{"line":408,"column":null}},"183":{"start":{"line":410,"column":30},"end":{"line":410,"column":null}},"184":{"start":{"line":410,"column":66},"end":{"line":410,"column":92}},"185":{"start":{"line":411,"column":8},"end":{"line":411,"column":null}},"186":{"start":{"line":411,"column":38},"end":{"line":411,"column":null}},"187":{"start":{"line":413,"column":21},"end":{"line":413,"column":null}},"188":{"start":{"line":413,"column":59},"end":{"line":413,"column":72}},"189":{"start":{"line":414,"column":21},"end":{"line":414,"column":null}},"190":{"start":{"line":414,"column":59},"end":{"line":414,"column":72}},"191":{"start":{"line":415,"column":21},"end":{"line":415,"column":null}},"192":{"start":{"line":415,"column":59},"end":{"line":415,"column":96}},"193":{"start":{"line":416,"column":21},"end":{"line":416,"column":null}},"194":{"start":{"line":416,"column":59},"end":{"line":416,"column":97}},"195":{"start":{"line":418,"column":35},"end":{"line":428,"column":null}},"196":{"start":{"line":426,"column":56},"end":{"line":426,"column":70}},"197":{"start":{"line":430,"column":25},"end":{"line":437,"column":null}},"198":{"start":{"line":431,"column":10},"end":{"line":436,"column":null}},"199":{"start":{"line":434,"column":56},"end":{"line":434,"column":83}},"200":{"start":{"line":439,"column":26},"end":{"line":439,"column":null}},"201":{"start":{"line":440,"column":8},"end":{"line":440,"column":null}},"202":{"start":{"line":441,"column":8},"end":{"line":441,"column":null}},"203":{"start":{"line":445,"column":6},"end":{"line":478,"column":null}},"204":{"start":{"line":446,"column":26},"end":{"line":446,"column":null}},"205":{"start":{"line":447,"column":28},"end":{"line":447,"column":null}},"206":{"start":{"line":448,"column":8},"end":{"line":448,"column":null}},"207":{"start":{"line":448,"column":26},"end":{"line":448,"column":null}},"208":{"start":{"line":450,"column":22},"end":{"line":450,"column":null}},"209":{"start":{"line":450,"column":56},"end":{"line":450,"column":73}},"210":{"start":{"line":451,"column":8},"end":{"line":451,"column":null}},"211":{"start":{"line":451,"column":70},"end":{"line":451,"column":null}},"212":{"start":{"line":453,"column":25},"end":{"line":473,"column":null}},"213":{"start":{"line":454,"column":10},"end":{"line":454,"column":null}},"214":{"start":{"line":454,"column":58},"end":{"line":454,"column":null}},"215":{"start":{"line":456,"column":29},"end":{"line":456,"column":null}},"216":{"start":{"line":456,"column":58},"end":{"line":456,"column":75}},"217":{"start":{"line":457,"column":10},"end":{"line":457,"column":null}},"218":{"start":{"line":457,"column":33},"end":{"line":457,"column":null}},"219":{"start":{"line":459,"column":33},"end":{"line":459,"column":null}},"220":{"start":{"line":460,"column":32},"end":{"line":460,"column":null}},"221":{"start":{"line":461,"column":36},"end":{"line":467,"column":null}},"222":{"start":{"line":461,"column":73},"end":{"line":467,"column":12}},"223":{"start":{"line":469,"column":10},"end":{"line":472,"column":null}},"224":{"start":{"line":475,"column":26},"end":{"line":475,"column":null}},"225":{"start":{"line":476,"column":8},"end":{"line":476,"column":null}},"226":{"start":{"line":477,"column":8},"end":{"line":477,"column":null}},"227":{"start":{"line":481,"column":6},"end":{"line":488,"column":null}},"228":{"start":{"line":482,"column":8},"end":{"line":482,"column":null}},"229":{"start":{"line":482,"column":36},"end":{"line":482,"column":null}},"230":{"start":{"line":483,"column":22},"end":{"line":483,"column":null}},"231":{"start":{"line":484,"column":8},"end":{"line":487,"column":null}},"232":{"start":{"line":491,"column":6},"end":{"line":498,"column":null}},"233":{"start":{"line":492,"column":8},"end":{"line":492,"column":null}},"234":{"start":{"line":492,"column":60},"end":{"line":492,"column":null}},"235":{"start":{"line":493,"column":22},"end":{"line":493,"column":null}},"236":{"start":{"line":494,"column":8},"end":{"line":497,"column":null}},"237":{"start":{"line":501,"column":20},"end":{"line":501,"column":null}},"238":{"start":{"line":502,"column":6},"end":{"line":502,"column":null}},"239":{"start":{"line":506,"column":20},"end":{"line":506,"column":null}},"240":{"start":{"line":507,"column":6},"end":{"line":507,"column":null}},"241":{"start":{"line":509,"column":27},"end":{"line":509,"column":null}},"242":{"start":{"line":510,"column":30},"end":{"line":510,"column":null}},"243":{"start":{"line":512,"column":6},"end":{"line":524,"column":null}},"244":{"start":{"line":528,"column":13},"end":{"line":545,"column":null}},"245":{"start":{"line":528,"column":66},"end":{"line":545,"column":2}},"246":{"start":{"line":537,"column":31},"end":{"line":537,"column":null}},"247":{"start":{"line":538,"column":33},"end":{"line":538,"column":null}},"248":{"start":{"line":539,"column":31},"end":{"line":539,"column":null}},"249":{"start":{"line":540,"column":25},"end":{"line":540,"column":null}},"250":{"start":{"line":541,"column":37},"end":{"line":541,"column":null}},"251":{"start":{"line":542,"column":37},"end":{"line":542,"column":null}},"252":{"start":{"line":543,"column":31},"end":{"line":543,"column":null}},"253":{"start":{"line":544,"column":27},"end":{"line":544,"column":null}},"254":{"start":{"line":547,"column":13},"end":{"line":576,"column":null}},"255":{"start":{"line":547,"column":56},"end":{"line":576,"column":2}},"256":{"start":{"line":552,"column":21},"end":{"line":552,"column":null}},"257":{"start":{"line":553,"column":27},"end":{"line":553,"column":null}},"258":{"start":{"line":554,"column":31},"end":{"line":554,"column":null}},"259":{"start":{"line":555,"column":32},"end":{"line":555,"column":null}},"260":{"start":{"line":557,"column":4},"end":{"line":559,"column":null}},"261":{"start":{"line":557,"column":20},"end":{"line":559,"column":6}},"262":{"start":{"line":561,"column":4},"end":{"line":563,"column":null}},"263":{"start":{"line":561,"column":20},"end":{"line":563,"column":6}},"264":{"start":{"line":562,"column":43},"end":{"line":562,"column":54}},"265":{"start":{"line":565,"column":4},"end":{"line":567,"column":null}},"266":{"start":{"line":565,"column":20},"end":{"line":567,"column":6}},"267":{"start":{"line":566,"column":41},"end":{"line":566,"column":73}},"268":{"start":{"line":569,"column":4},"end":{"line":571,"column":null}},"269":{"start":{"line":569,"column":20},"end":{"line":571,"column":6}},"270":{"start":{"line":573,"column":4},"end":{"line":575,"column":null}},"271":{"start":{"line":573,"column":20},"end":{"line":575,"column":6}},"272":{"start":{"line":574,"column":47},"end":{"line":574,"column":66}}},"fnMap":{"0":{"name":"(anonymous_0)","decl":{"start":{"line":5,"column":19},"end":{"line":5,"column":25}},"loc":{"start":{"line":5,"column":25},"end":{"line":5,"column":null}},"line":5},"1":{"name":"(anonymous_1)","decl":{"start":{"line":8,"column":24},"end":{"line":8,"column":25}},"loc":{"start":{"line":8,"column":63},"end":{"line":16,"column":null}},"line":8},"2":{"name":"(anonymous_2)","decl":{"start":{"line":107,"column":50},"end":{"line":107,"column":51}},"loc":{"start":{"line":107,"column":64},"end":{"line":526,"column":1}},"line":107},"3":{"name":"(anonymous_3)","decl":{"start":{"line":110,"column":22},"end":{"line":110,"column":23}},"loc":{"start":{"line":110,"column":132},"end":{"line":122,"column":null}},"line":110},"4":{"name":"(anonymous_4)","decl":{"start":{"line":111,"column":8},"end":{"line":111,"column":9}},"loc":{"start":{"line":111,"column":19},"end":{"line":121,"column":5}},"line":111},"5":{"name":"(anonymous_5)","decl":{"start":{"line":137,"column":20},"end":{"line":137,"column":21}},"loc":{"start":{"line":138,"column":6},"end":{"line":143,"column":null}},"line":138},"6":{"name":"(anonymous_6)","decl":{"start":{"line":138,"column":10},"end":{"line":138,"column":11}},"loc":{"start":{"line":138,"column":21},"end":{"line":143,"column":7}},"line":138},"7":{"name":"(anonymous_7)","decl":{"start":{"line":145,"column":13},"end":{"line":145,"column":null}},"loc":{"start":{"line":146,"column":6},"end":{"line":156,"column":null}},"line":146},"8":{"name":"(anonymous_8)","decl":{"start":{"line":146,"column":10},"end":{"line":146,"column":11}},"loc":{"start":{"line":146,"column":21},"end":{"line":156,"column":7}},"line":146},"9":{"name":"(anonymous_9)","decl":{"start":{"line":158,"column":16},"end":{"line":158,"column":17}},"loc":{"start":{"line":159,"column":6},"end":{"line":174,"column":null}},"line":159},"10":{"name":"(anonymous_10)","decl":{"start":{"line":159,"column":10},"end":{"line":159,"column":11}},"loc":{"start":{"line":159,"column":21},"end":{"line":174,"column":7}},"line":159},"11":{"name":"(anonymous_11)","decl":{"start":{"line":161,"column":56},"end":{"line":161,"column":57}},"loc":{"start":{"line":161,"column":63},"end":{"line":161,"column":78}},"line":161},"12":{"name":"(anonymous_12)","decl":{"start":{"line":162,"column":40},"end":{"line":162,"column":41}},"loc":{"start":{"line":162,"column":53},"end":{"line":162,"column":83}},"line":162},"13":{"name":"(anonymous_13)","decl":{"start":{"line":176,"column":19},"end":{"line":176,"column":20}},"loc":{"start":{"line":177,"column":6},"end":{"line":203,"column":null}},"line":177},"14":{"name":"(anonymous_14)","decl":{"start":{"line":177,"column":10},"end":{"line":177,"column":11}},"loc":{"start":{"line":177,"column":21},"end":{"line":203,"column":7}},"line":177},"15":{"name":"(anonymous_15)","decl":{"start":{"line":179,"column":60},"end":{"line":179,"column":61}},"loc":{"start":{"line":179,"column":67},"end":{"line":179,"column":82}},"line":179},"16":{"name":"(anonymous_16)","decl":{"start":{"line":186,"column":44},"end":{"line":186,"column":45}},"loc":{"start":{"line":186,"column":53},"end":{"line":186,"column":81}},"line":186},"17":{"name":"(anonymous_17)","decl":{"start":{"line":191,"column":62},"end":{"line":191,"column":63}},"loc":{"start":{"line":191,"column":75},"end":{"line":194,"column":12}},"line":191},"18":{"name":"(anonymous_18)","decl":{"start":{"line":205,"column":20},"end":{"line":205,"column":21}},"loc":{"start":{"line":206,"column":6},"end":{"line":212,"column":null}},"line":206},"19":{"name":"(anonymous_19)","decl":{"start":{"line":206,"column":10},"end":{"line":206,"column":11}},"loc":{"start":{"line":206,"column":22},"end":{"line":212,"column":8}},"line":206},"20":{"name":"(anonymous_20)","decl":{"start":{"line":214,"column":16},"end":{"line":214,"column":17}},"loc":{"start":{"line":215,"column":6},"end":{"line":225,"column":null}},"line":215},"21":{"name":"(anonymous_21)","decl":{"start":{"line":215,"column":10},"end":{"line":215,"column":11}},"loc":{"start":{"line":215,"column":21},"end":{"line":225,"column":7}},"line":215},"22":{"name":"(anonymous_22)","decl":{"start":{"line":219,"column":45},"end":{"line":219,"column":46}},"loc":{"start":{"line":220,"column":12},"end":{"line":220,"column":null}},"line":220},"23":{"name":"(anonymous_23)","decl":{"start":{"line":227,"column":18},"end":{"line":227,"column":19}},"loc":{"start":{"line":228,"column":6},"end":{"line":240,"column":null}},"line":228},"24":{"name":"(anonymous_24)","decl":{"start":{"line":228,"column":10},"end":{"line":228,"column":11}},"loc":{"start":{"line":228,"column":21},"end":{"line":240,"column":7}},"line":228},"25":{"name":"(anonymous_25)","decl":{"start":{"line":233,"column":40},"end":{"line":233,"column":41}},"loc":{"start":{"line":233,"column":53},"end":{"line":233,"column":83}},"line":233},"26":{"name":"(anonymous_26)","decl":{"start":{"line":242,"column":16},"end":{"line":242,"column":17}},"loc":{"start":{"line":243,"column":6},"end":{"line":256,"column":null}},"line":243},"27":{"name":"(anonymous_27)","decl":{"start":{"line":243,"column":10},"end":{"line":243,"column":11}},"loc":{"start":{"line":243,"column":21},"end":{"line":256,"column":7}},"line":243},"28":{"name":"(anonymous_28)","decl":{"start":{"line":248,"column":53},"end":{"line":248,"column":54}},"loc":{"start":{"line":249,"column":10},"end":{"line":251,"column":null}},"line":249},"29":{"name":"(anonymous_29)","decl":{"start":{"line":258,"column":19},"end":{"line":258,"column":20}},"loc":{"start":{"line":259,"column":6},"end":{"line":268,"column":null}},"line":259},"30":{"name":"(anonymous_30)","decl":{"start":{"line":259,"column":10},"end":{"line":259,"column":11}},"loc":{"start":{"line":259,"column":21},"end":{"line":268,"column":7}},"line":259},"31":{"name":"(anonymous_31)","decl":{"start":{"line":261,"column":53},"end":{"line":261,"column":54}},"loc":{"start":{"line":261,"column":61},"end":{"line":264,"column":10}},"line":261},"32":{"name":"(anonymous_32)","decl":{"start":{"line":263,"column":35},"end":{"line":263,"column":36}},"loc":{"start":{"line":263,"column":44},"end":{"line":263,"column":86}},"line":263},"33":{"name":"(anonymous_33)","decl":{"start":{"line":270,"column":19},"end":{"line":270,"column":20}},"loc":{"start":{"line":271,"column":6},"end":{"line":280,"column":null}},"line":271},"34":{"name":"(anonymous_34)","decl":{"start":{"line":271,"column":10},"end":{"line":271,"column":11}},"loc":{"start":{"line":271,"column":21},"end":{"line":280,"column":7}},"line":271},"35":{"name":"(anonymous_35)","decl":{"start":{"line":273,"column":53},"end":{"line":273,"column":54}},"loc":{"start":{"line":273,"column":61},"end":{"line":276,"column":10}},"line":273},"36":{"name":"(anonymous_36)","decl":{"start":{"line":275,"column":38},"end":{"line":275,"column":39}},"loc":{"start":{"line":275,"column":46},"end":{"line":275,"column":58}},"line":275},"37":{"name":"(anonymous_37)","decl":{"start":{"line":282,"column":18},"end":{"line":282,"column":19}},"loc":{"start":{"line":283,"column":6},"end":{"line":301,"column":null}},"line":283},"38":{"name":"(anonymous_38)","decl":{"start":{"line":283,"column":10},"end":{"line":283,"column":11}},"loc":{"start":{"line":283,"column":21},"end":{"line":301,"column":7}},"line":283},"39":{"name":"(anonymous_39)","decl":{"start":{"line":287,"column":63},"end":{"line":287,"column":64}},"loc":{"start":{"line":287,"column":71},"end":{"line":287,"column":85}},"line":287},"40":{"name":"(anonymous_40)","decl":{"start":{"line":288,"column":53},"end":{"line":288,"column":54}},"loc":{"start":{"line":289,"column":10},"end":{"line":296,"column":null}},"line":289},"41":{"name":"(anonymous_41)","decl":{"start":{"line":292,"column":41},"end":{"line":292,"column":42}},"loc":{"start":{"line":293,"column":18},"end":{"line":293,"column":null}},"line":293},"42":{"name":"(anonymous_42)","decl":{"start":{"line":303,"column":16},"end":{"line":303,"column":17}},"loc":{"start":{"line":304,"column":6},"end":{"line":322,"column":null}},"line":304},"43":{"name":"(anonymous_43)","decl":{"start":{"line":304,"column":10},"end":{"line":304,"column":11}},"loc":{"start":{"line":304,"column":21},"end":{"line":322,"column":7}},"line":304},"44":{"name":"(anonymous_44)","decl":{"start":{"line":308,"column":63},"end":{"line":308,"column":64}},"loc":{"start":{"line":308,"column":71},"end":{"line":308,"column":85}},"line":308},"45":{"name":"(anonymous_45)","decl":{"start":{"line":309,"column":53},"end":{"line":309,"column":54}},"loc":{"start":{"line":310,"column":10},"end":{"line":317,"column":null}},"line":310},"46":{"name":"(anonymous_46)","decl":{"start":{"line":313,"column":41},"end":{"line":313,"column":42}},"loc":{"start":{"line":314,"column":18},"end":{"line":314,"column":null}},"line":314},"47":{"name":"(anonymous_47)","decl":{"start":{"line":324,"column":18},"end":{"line":324,"column":19}},"loc":{"start":{"line":325,"column":6},"end":{"line":347,"column":null}},"line":325},"48":{"name":"(anonymous_48)","decl":{"start":{"line":325,"column":10},"end":{"line":325,"column":11}},"loc":{"start":{"line":325,"column":21},"end":{"line":347,"column":7}},"line":325},"49":{"name":"(anonymous_49)","decl":{"start":{"line":329,"column":62},"end":{"line":329,"column":63}},"loc":{"start":{"line":329,"column":66},"end":{"line":329,"column":105}},"line":329},"50":{"name":"(anonymous_50)","decl":{"start":{"line":330,"column":51},"end":{"line":330,"column":52}},"loc":{"start":{"line":330,"column":59},"end":{"line":330,"column":78}},"line":330},"51":{"name":"(anonymous_51)","decl":{"start":{"line":334,"column":53},"end":{"line":334,"column":54}},"loc":{"start":{"line":335,"column":10},"end":{"line":342,"column":null}},"line":335},"52":{"name":"(anonymous_52)","decl":{"start":{"line":338,"column":41},"end":{"line":338,"column":42}},"loc":{"start":{"line":339,"column":18},"end":{"line":339,"column":null}},"line":339},"53":{"name":"(anonymous_53)","decl":{"start":{"line":349,"column":18},"end":{"line":349,"column":19}},"loc":{"start":{"line":350,"column":6},"end":{"line":372,"column":null}},"line":350},"54":{"name":"(anonymous_54)","decl":{"start":{"line":350,"column":10},"end":{"line":350,"column":11}},"loc":{"start":{"line":350,"column":21},"end":{"line":372,"column":7}},"line":350},"55":{"name":"(anonymous_55)","decl":{"start":{"line":354,"column":62},"end":{"line":354,"column":63}},"loc":{"start":{"line":354,"column":66},"end":{"line":354,"column":105}},"line":354},"56":{"name":"(anonymous_56)","decl":{"start":{"line":355,"column":51},"end":{"line":355,"column":52}},"loc":{"start":{"line":355,"column":59},"end":{"line":355,"column":78}},"line":355},"57":{"name":"(anonymous_57)","decl":{"start":{"line":359,"column":53},"end":{"line":359,"column":54}},"loc":{"start":{"line":360,"column":10},"end":{"line":367,"column":null}},"line":360},"58":{"name":"(anonymous_58)","decl":{"start":{"line":363,"column":41},"end":{"line":363,"column":42}},"loc":{"start":{"line":364,"column":18},"end":{"line":364,"column":null}},"line":364},"59":{"name":"(anonymous_59)","decl":{"start":{"line":374,"column":22},"end":{"line":374,"column":23}},"loc":{"start":{"line":375,"column":6},"end":{"line":386,"column":null}},"line":375},"60":{"name":"(anonymous_60)","decl":{"start":{"line":375,"column":10},"end":{"line":375,"column":11}},"loc":{"start":{"line":375,"column":21},"end":{"line":386,"column":7}},"line":375},"61":{"name":"(anonymous_61)","decl":{"start":{"line":377,"column":53},"end":{"line":377,"column":54}},"loc":{"start":{"line":377,"column":61},"end":{"line":382,"column":10}},"line":377},"62":{"name":"(anonymous_62)","decl":{"start":{"line":379,"column":35},"end":{"line":379,"column":36}},"loc":{"start":{"line":380,"column":12},"end":{"line":380,"column":null}},"line":380},"63":{"name":"(anonymous_63)","decl":{"start":{"line":388,"column":16},"end":{"line":388,"column":17}},"loc":{"start":{"line":389,"column":6},"end":{"line":400,"column":null}},"line":389},"64":{"name":"(anonymous_64)","decl":{"start":{"line":389,"column":10},"end":{"line":389,"column":11}},"loc":{"start":{"line":389,"column":21},"end":{"line":400,"column":7}},"line":389},"65":{"name":"(anonymous_65)","decl":{"start":{"line":391,"column":53},"end":{"line":391,"column":54}},"loc":{"start":{"line":391,"column":61},"end":{"line":396,"column":10}},"line":391},"66":{"name":"(anonymous_66)","decl":{"start":{"line":393,"column":35},"end":{"line":393,"column":36}},"loc":{"start":{"line":394,"column":12},"end":{"line":394,"column":null}},"line":394},"67":{"name":"(anonymous_67)","decl":{"start":{"line":402,"column":19},"end":{"line":402,"column":20}},"loc":{"start":{"line":403,"column":6},"end":{"line":442,"column":null}},"line":403},"68":{"name":"(anonymous_68)","decl":{"start":{"line":403,"column":10},"end":{"line":403,"column":11}},"loc":{"start":{"line":403,"column":21},"end":{"line":442,"column":7}},"line":403},"69":{"name":"(anonymous_69)","decl":{"start":{"line":410,"column":58},"end":{"line":410,"column":59}},"loc":{"start":{"line":410,"column":66},"end":{"line":410,"column":92}},"line":410},"70":{"name":"(anonymous_70)","decl":{"start":{"line":413,"column":51},"end":{"line":413,"column":52}},"loc":{"start":{"line":413,"column":59},"end":{"line":413,"column":72}},"line":413},"71":{"name":"(anonymous_71)","decl":{"start":{"line":414,"column":51},"end":{"line":414,"column":52}},"loc":{"start":{"line":414,"column":59},"end":{"line":414,"column":72}},"line":414},"72":{"name":"(anonymous_72)","decl":{"start":{"line":415,"column":51},"end":{"line":415,"column":52}},"loc":{"start":{"line":415,"column":59},"end":{"line":415,"column":96}},"line":415},"73":{"name":"(anonymous_73)","decl":{"start":{"line":416,"column":51},"end":{"line":416,"column":52}},"loc":{"start":{"line":416,"column":59},"end":{"line":416,"column":97}},"line":416},"74":{"name":"(anonymous_74)","decl":{"start":{"line":426,"column":48},"end":{"line":426,"column":49}},"loc":{"start":{"line":426,"column":56},"end":{"line":426,"column":70}},"line":426},"75":{"name":"(anonymous_75)","decl":{"start":{"line":430,"column":53},"end":{"line":430,"column":54}},"loc":{"start":{"line":431,"column":10},"end":{"line":436,"column":null}},"line":431},"76":{"name":"(anonymous_76)","decl":{"start":{"line":434,"column":48},"end":{"line":434,"column":49}},"loc":{"start":{"line":434,"column":56},"end":{"line":434,"column":83}},"line":434},"77":{"name":"(anonymous_77)","decl":{"start":{"line":444,"column":20},"end":{"line":444,"column":21}},"loc":{"start":{"line":445,"column":6},"end":{"line":478,"column":null}},"line":445},"78":{"name":"(anonymous_78)","decl":{"start":{"line":445,"column":10},"end":{"line":445,"column":11}},"loc":{"start":{"line":445,"column":21},"end":{"line":478,"column":7}},"line":445},"79":{"name":"(anonymous_79)","decl":{"start":{"line":450,"column":48},"end":{"line":450,"column":49}},"loc":{"start":{"line":450,"column":56},"end":{"line":450,"column":73}},"line":450},"80":{"name":"(anonymous_80)","decl":{"start":{"line":453,"column":53},"end":{"line":453,"column":54}},"loc":{"start":{"line":453,"column":65},"end":{"line":473,"column":9}},"line":453},"81":{"name":"(anonymous_81)","decl":{"start":{"line":456,"column":50},"end":{"line":456,"column":51}},"loc":{"start":{"line":456,"column":58},"end":{"line":456,"column":75}},"line":456},"82":{"name":"(anonymous_82)","decl":{"start":{"line":461,"column":61},"end":{"line":461,"column":62}},"loc":{"start":{"line":461,"column":73},"end":{"line":467,"column":12}},"line":461},"83":{"name":"(anonymous_83)","decl":{"start":{"line":480,"column":10},"end":{"line":480,"column":null}},"loc":{"start":{"line":481,"column":6},"end":{"line":488,"column":null}},"line":481},"84":{"name":"(anonymous_84)","decl":{"start":{"line":481,"column":10},"end":{"line":481,"column":11}},"loc":{"start":{"line":481,"column":21},"end":{"line":488,"column":7}},"line":481},"85":{"name":"(anonymous_85)","decl":{"start":{"line":490,"column":10},"end":{"line":490,"column":null}},"loc":{"start":{"line":491,"column":6},"end":{"line":498,"column":null}},"line":491},"86":{"name":"(anonymous_86)","decl":{"start":{"line":491,"column":10},"end":{"line":491,"column":11}},"loc":{"start":{"line":491,"column":21},"end":{"line":498,"column":7}},"line":491},"87":{"name":"(anonymous_87)","decl":{"start":{"line":500,"column":13},"end":{"line":500,"column":19}},"loc":{"start":{"line":500,"column":19},"end":{"line":503,"column":null}},"line":500},"88":{"name":"(anonymous_88)","decl":{"start":{"line":505,"column":13},"end":{"line":505,"column":19}},"loc":{"start":{"line":505,"column":19},"end":{"line":508,"column":null}},"line":505},"89":{"name":"(anonymous_89)","decl":{"start":{"line":509,"column":19},"end":{"line":509,"column":20}},"loc":{"start":{"line":509,"column":27},"end":{"line":509,"column":null}},"line":509},"90":{"name":"(anonymous_90)","decl":{"start":{"line":510,"column":20},"end":{"line":510,"column":21}},"loc":{"start":{"line":510,"column":30},"end":{"line":510,"column":null}},"line":510},"91":{"name":"(anonymous_91)","decl":{"start":{"line":511,"column":17},"end":{"line":511,"column":null}},"loc":{"start":{"line":512,"column":6},"end":{"line":524,"column":null}},"line":512},"92":{"name":"(anonymous_92)","decl":{"start":{"line":528,"column":56},"end":{"line":528,"column":57}},"loc":{"start":{"line":528,"column":66},"end":{"line":545,"column":2}},"line":528},"93":{"name":"(anonymous_93)","decl":{"start":{"line":537,"column":16},"end":{"line":537,"column":17}},"loc":{"start":{"line":537,"column":31},"end":{"line":537,"column":null}},"line":537},"94":{"name":"(anonymous_94)","decl":{"start":{"line":538,"column":17},"end":{"line":538,"column":18}},"loc":{"start":{"line":538,"column":33},"end":{"line":538,"column":null}},"line":538},"95":{"name":"(anonymous_95)","decl":{"start":{"line":539,"column":16},"end":{"line":539,"column":17}},"loc":{"start":{"line":539,"column":31},"end":{"line":539,"column":null}},"line":539},"96":{"name":"(anonymous_96)","decl":{"start":{"line":540,"column":13},"end":{"line":540,"column":14}},"loc":{"start":{"line":540,"column":25},"end":{"line":540,"column":null}},"line":540},"97":{"name":"(anonymous_97)","decl":{"start":{"line":541,"column":23},"end":{"line":541,"column":24}},"loc":{"start":{"line":541,"column":37},"end":{"line":541,"column":null}},"line":541},"98":{"name":"(anonymous_98)","decl":{"start":{"line":542,"column":23},"end":{"line":542,"column":24}},"loc":{"start":{"line":542,"column":37},"end":{"line":542,"column":null}},"line":542},"99":{"name":"(anonymous_99)","decl":{"start":{"line":543,"column":20},"end":{"line":543,"column":21}},"loc":{"start":{"line":543,"column":31},"end":{"line":543,"column":null}},"line":543},"100":{"name":"(anonymous_100)","decl":{"start":{"line":544,"column":14},"end":{"line":544,"column":15}},"loc":{"start":{"line":544,"column":27},"end":{"line":544,"column":null}},"line":544},"101":{"name":"(anonymous_101)","decl":{"start":{"line":547,"column":46},"end":{"line":547,"column":47}},"loc":{"start":{"line":547,"column":56},"end":{"line":576,"column":2}},"line":547},"102":{"name":"(anonymous_102)","decl":{"start":{"line":552,"column":11},"end":{"line":552,"column":12}},"loc":{"start":{"line":552,"column":21},"end":{"line":552,"column":null}},"line":552},"103":{"name":"(anonymous_103)","decl":{"start":{"line":553,"column":14},"end":{"line":553,"column":15}},"loc":{"start":{"line":553,"column":27},"end":{"line":553,"column":null}},"line":553},"104":{"name":"(anonymous_104)","decl":{"start":{"line":554,"column":16},"end":{"line":554,"column":17}},"loc":{"start":{"line":554,"column":31},"end":{"line":554,"column":null}},"line":554},"105":{"name":"(anonymous_105)","decl":{"start":{"line":555,"column":22},"end":{"line":555,"column":23}},"loc":{"start":{"line":555,"column":32},"end":{"line":555,"column":null}},"line":555},"106":{"name":"(anonymous_106)","decl":{"start":{"line":556,"column":13},"end":{"line":556,"column":14}},"loc":{"start":{"line":557,"column":4},"end":{"line":559,"column":null}},"line":557},"107":{"name":"(anonymous_107)","decl":{"start":{"line":557,"column":8},"end":{"line":557,"column":9}},"loc":{"start":{"line":557,"column":20},"end":{"line":559,"column":6}},"line":557},"108":{"name":"(anonymous_108)","decl":{"start":{"line":560,"column":16},"end":{"line":560,"column":17}},"loc":{"start":{"line":561,"column":4},"end":{"line":563,"column":null}},"line":561},"109":{"name":"(anonymous_109)","decl":{"start":{"line":561,"column":8},"end":{"line":561,"column":9}},"loc":{"start":{"line":561,"column":20},"end":{"line":563,"column":6}},"line":561},"110":{"name":"(anonymous_110)","decl":{"start":{"line":562,"column":36},"end":{"line":562,"column":37}},"loc":{"start":{"line":562,"column":43},"end":{"line":562,"column":54}},"line":562},"111":{"name":"(anonymous_111)","decl":{"start":{"line":564,"column":16},"end":{"line":564,"column":17}},"loc":{"start":{"line":565,"column":4},"end":{"line":567,"column":null}},"line":565},"112":{"name":"(anonymous_112)","decl":{"start":{"line":565,"column":8},"end":{"line":565,"column":9}},"loc":{"start":{"line":565,"column":20},"end":{"line":567,"column":6}},"line":565},"113":{"name":"(anonymous_113)","decl":{"start":{"line":566,"column":33},"end":{"line":566,"column":34}},"loc":{"start":{"line":566,"column":41},"end":{"line":566,"column":73}},"line":566},"114":{"name":"(anonymous_114)","decl":{"start":{"line":568,"column":15},"end":{"line":568,"column":16}},"loc":{"start":{"line":569,"column":4},"end":{"line":571,"column":null}},"line":569},"115":{"name":"(anonymous_115)","decl":{"start":{"line":569,"column":8},"end":{"line":569,"column":9}},"loc":{"start":{"line":569,"column":20},"end":{"line":571,"column":6}},"line":569},"116":{"name":"(anonymous_116)","decl":{"start":{"line":572,"column":18},"end":{"line":572,"column":19}},"loc":{"start":{"line":573,"column":4},"end":{"line":575,"column":null}},"line":573},"117":{"name":"(anonymous_117)","decl":{"start":{"line":573,"column":8},"end":{"line":573,"column":9}},"loc":{"start":{"line":573,"column":20},"end":{"line":575,"column":6}},"line":573},"118":{"name":"(anonymous_118)","decl":{"start":{"line":574,"column":40},"end":{"line":574,"column":41}},"loc":{"start":{"line":574,"column":47},"end":{"line":574,"column":66}},"line":574}},"branchMap":{"0":{"loc":{"start":{"line":8,"column":25},"end":{"line":8,"column":63}},"type":"default-arg","locations":[{"start":{"line":8,"column":46},"end":{"line":8,"column":63}}],"line":8},"1":{"loc":{"start":{"line":114,"column":6},"end":{"line":116,"column":null}},"type":"if","locations":[{"start":{"line":114,"column":6},"end":{"line":116,"column":null}},{"start":{},"end":{}}],"line":114},"2":{"loc":{"start":{"line":164,"column":8},"end":{"line":166,"column":null}},"type":"if","locations":[{"start":{"line":164,"column":8},"end":{"line":166,"column":null}},{"start":{},"end":{}}],"line":164},"3":{"loc":{"start":{"line":180,"column":8},"end":{"line":180,"column":null}},"type":"if","locations":[{"start":{"line":180,"column":8},"end":{"line":180,"column":null}},{"start":{},"end":{}}],"line":180},"4":{"loc":{"start":{"line":220,"column":12},"end":{"line":220,"column":null}},"type":"cond-expr","locations":[{"start":{"line":220,"column":30},"end":{"line":220,"column":53}},{"start":{"line":220,"column":53},"end":{"line":220,"column":null}}],"line":220},"5":{"loc":{"start":{"line":246,"column":8},"end":{"line":246,"column":null}},"type":"if","locations":[{"start":{"line":246,"column":8},"end":{"line":246,"column":null}},{"start":{},"end":{}}],"line":246},"6":{"loc":{"start":{"line":249,"column":10},"end":{"line":251,"column":null}},"type":"cond-expr","locations":[{"start":{"line":250,"column":14},"end":{"line":250,"column":null}},{"start":{"line":251,"column":14},"end":{"line":251,"column":null}}],"line":249},"7":{"loc":{"start":{"line":263,"column":44},"end":{"line":263,"column":86}},"type":"cond-expr","locations":[{"start":{"line":263,"column":59},"end":{"line":263,"column":83}},{"start":{"line":263,"column":83},"end":{"line":263,"column":86}}],"line":263},"8":{"loc":{"start":{"line":286,"column":8},"end":{"line":286,"column":null}},"type":"if","locations":[{"start":{"line":286,"column":8},"end":{"line":286,"column":null}},{"start":{},"end":{}}],"line":286},"9":{"loc":{"start":{"line":287,"column":71},"end":{"line":287,"column":85}},"type":"binary-expr","locations":[{"start":{"line":287,"column":71},"end":{"line":287,"column":84}},{"start":{"line":287,"column":84},"end":{"line":287,"column":85}}],"line":287},"10":{"loc":{"start":{"line":289,"column":10},"end":{"line":296,"column":null}},"type":"cond-expr","locations":[{"start":{"line":290,"column":14},"end":{"line":295,"column":null}},{"start":{"line":296,"column":14},"end":{"line":296,"column":null}}],"line":289},"11":{"loc":{"start":{"line":293,"column":18},"end":{"line":293,"column":null}},"type":"cond-expr","locations":[{"start":{"line":293,"column":40},"end":{"line":293,"column":75}},{"start":{"line":293,"column":75},"end":{"line":293,"column":null}}],"line":293},"12":{"loc":{"start":{"line":307,"column":8},"end":{"line":307,"column":null}},"type":"if","locations":[{"start":{"line":307,"column":8},"end":{"line":307,"column":null}},{"start":{},"end":{}}],"line":307},"13":{"loc":{"start":{"line":308,"column":71},"end":{"line":308,"column":85}},"type":"binary-expr","locations":[{"start":{"line":308,"column":71},"end":{"line":308,"column":84}},{"start":{"line":308,"column":84},"end":{"line":308,"column":85}}],"line":308},"14":{"loc":{"start":{"line":310,"column":10},"end":{"line":317,"column":null}},"type":"cond-expr","locations":[{"start":{"line":311,"column":14},"end":{"line":316,"column":null}},{"start":{"line":317,"column":14},"end":{"line":317,"column":null}}],"line":310},"15":{"loc":{"start":{"line":314,"column":18},"end":{"line":314,"column":null}},"type":"cond-expr","locations":[{"start":{"line":314,"column":40},"end":{"line":314,"column":75}},{"start":{"line":314,"column":75},"end":{"line":314,"column":null}}],"line":314},"16":{"loc":{"start":{"line":328,"column":8},"end":{"line":328,"column":null}},"type":"if","locations":[{"start":{"line":328,"column":8},"end":{"line":328,"column":null}},{"start":{},"end":{}}],"line":328},"17":{"loc":{"start":{"line":329,"column":73},"end":{"line":329,"column":91}},"type":"binary-expr","locations":[{"start":{"line":329,"column":73},"end":{"line":329,"column":85}},{"start":{"line":329,"column":85},"end":{"line":329,"column":91}}],"line":329},"18":{"loc":{"start":{"line":329,"column":91},"end":{"line":329,"column":105}},"type":"binary-expr","locations":[{"start":{"line":329,"column":91},"end":{"line":329,"column":103}},{"start":{"line":329,"column":103},"end":{"line":329,"column":105}}],"line":329},"19":{"loc":{"start":{"line":331,"column":8},"end":{"line":331,"column":null}},"type":"if","locations":[{"start":{"line":331,"column":8},"end":{"line":331,"column":null}},{"start":{},"end":{}}],"line":331},"20":{"loc":{"start":{"line":331,"column":12},"end":{"line":331,"column":72}},"type":"binary-expr","locations":[{"start":{"line":331,"column":12},"end":{"line":331,"column":32}},{"start":{"line":331,"column":32},"end":{"line":331,"column":72}}],"line":331},"21":{"loc":{"start":{"line":333,"column":30},"end":{"line":333,"column":58}},"type":"binary-expr","locations":[{"start":{"line":333,"column":30},"end":{"line":333,"column":53}},{"start":{"line":333,"column":53},"end":{"line":333,"column":58}}],"line":333},"22":{"loc":{"start":{"line":335,"column":10},"end":{"line":342,"column":null}},"type":"cond-expr","locations":[{"start":{"line":336,"column":14},"end":{"line":341,"column":null}},{"start":{"line":342,"column":14},"end":{"line":342,"column":null}}],"line":335},"23":{"loc":{"start":{"line":339,"column":18},"end":{"line":339,"column":null}},"type":"cond-expr","locations":[{"start":{"line":339,"column":40},"end":{"line":339,"column":74}},{"start":{"line":339,"column":74},"end":{"line":339,"column":null}}],"line":339},"24":{"loc":{"start":{"line":353,"column":8},"end":{"line":353,"column":null}},"type":"if","locations":[{"start":{"line":353,"column":8},"end":{"line":353,"column":null}},{"start":{},"end":{}}],"line":353},"25":{"loc":{"start":{"line":354,"column":73},"end":{"line":354,"column":91}},"type":"binary-expr","locations":[{"start":{"line":354,"column":73},"end":{"line":354,"column":85}},{"start":{"line":354,"column":85},"end":{"line":354,"column":91}}],"line":354},"26":{"loc":{"start":{"line":354,"column":91},"end":{"line":354,"column":105}},"type":"binary-expr","locations":[{"start":{"line":354,"column":91},"end":{"line":354,"column":103}},{"start":{"line":354,"column":103},"end":{"line":354,"column":105}}],"line":354},"27":{"loc":{"start":{"line":356,"column":8},"end":{"line":356,"column":null}},"type":"if","locations":[{"start":{"line":356,"column":8},"end":{"line":356,"column":null}},{"start":{},"end":{}}],"line":356},"28":{"loc":{"start":{"line":356,"column":12},"end":{"line":356,"column":48}},"type":"binary-expr","locations":[{"start":{"line":356,"column":12},"end":{"line":356,"column":32}},{"start":{"line":356,"column":32},"end":{"line":356,"column":48}}],"line":356},"29":{"loc":{"start":{"line":358,"column":30},"end":{"line":358,"column":58}},"type":"binary-expr","locations":[{"start":{"line":358,"column":30},"end":{"line":358,"column":53}},{"start":{"line":358,"column":53},"end":{"line":358,"column":58}}],"line":358},"30":{"loc":{"start":{"line":360,"column":10},"end":{"line":367,"column":null}},"type":"cond-expr","locations":[{"start":{"line":361,"column":14},"end":{"line":366,"column":null}},{"start":{"line":367,"column":14},"end":{"line":367,"column":null}}],"line":360},"31":{"loc":{"start":{"line":364,"column":18},"end":{"line":364,"column":null}},"type":"cond-expr","locations":[{"start":{"line":364,"column":40},"end":{"line":364,"column":74}},{"start":{"line":364,"column":74},"end":{"line":364,"column":null}}],"line":364},"32":{"loc":{"start":{"line":380,"column":12},"end":{"line":380,"column":null}},"type":"cond-expr","locations":[{"start":{"line":380,"column":34},"end":{"line":380,"column":78}},{"start":{"line":380,"column":78},"end":{"line":380,"column":null}}],"line":380},"33":{"loc":{"start":{"line":380,"column":54},"end":{"line":380,"column":74}},"type":"binary-expr","locations":[{"start":{"line":380,"column":54},"end":{"line":380,"column":68}},{"start":{"line":380,"column":68},"end":{"line":380,"column":74}}],"line":380},"34":{"loc":{"start":{"line":394,"column":12},"end":{"line":394,"column":null}},"type":"cond-expr","locations":[{"start":{"line":394,"column":34},"end":{"line":394,"column":77}},{"start":{"line":394,"column":77},"end":{"line":394,"column":null}}],"line":394},"35":{"loc":{"start":{"line":394,"column":53},"end":{"line":394,"column":73}},"type":"binary-expr","locations":[{"start":{"line":394,"column":53},"end":{"line":394,"column":66}},{"start":{"line":394,"column":66},"end":{"line":394,"column":73}}],"line":394},"36":{"loc":{"start":{"line":404,"column":8},"end":{"line":404,"column":null}},"type":"if","locations":[{"start":{"line":404,"column":8},"end":{"line":404,"column":null}},{"start":{},"end":{}}],"line":404},"37":{"loc":{"start":{"line":408,"column":8},"end":{"line":408,"column":null}},"type":"if","locations":[{"start":{"line":408,"column":8},"end":{"line":408,"column":null}},{"start":{},"end":{}}],"line":408},"38":{"loc":{"start":{"line":411,"column":8},"end":{"line":411,"column":null}},"type":"if","locations":[{"start":{"line":411,"column":8},"end":{"line":411,"column":null}},{"start":{},"end":{}}],"line":411},"39":{"loc":{"start":{"line":415,"column":76},"end":{"line":415,"column":96}},"type":"binary-expr","locations":[{"start":{"line":415,"column":76},"end":{"line":415,"column":94}},{"start":{"line":415,"column":94},"end":{"line":415,"column":96}}],"line":415},"40":{"loc":{"start":{"line":416,"column":76},"end":{"line":416,"column":97}},"type":"binary-expr","locations":[{"start":{"line":416,"column":76},"end":{"line":416,"column":95}},{"start":{"line":416,"column":95},"end":{"line":416,"column":97}}],"line":416},"41":{"loc":{"start":{"line":426,"column":56},"end":{"line":426,"column":70}},"type":"binary-expr","locations":[{"start":{"line":426,"column":56},"end":{"line":426,"column":69}},{"start":{"line":426,"column":69},"end":{"line":426,"column":70}}],"line":426},"42":{"loc":{"start":{"line":431,"column":10},"end":{"line":436,"column":null}},"type":"cond-expr","locations":[{"start":{"line":432,"column":14},"end":{"line":435,"column":null}},{"start":{"line":436,"column":14},"end":{"line":436,"column":null}}],"line":431},"43":{"loc":{"start":{"line":448,"column":8},"end":{"line":448,"column":null}},"type":"if","locations":[{"start":{"line":448,"column":8},"end":{"line":448,"column":null}},{"start":{},"end":{}}],"line":448},"44":{"loc":{"start":{"line":451,"column":8},"end":{"line":451,"column":null}},"type":"if","locations":[{"start":{"line":451,"column":8},"end":{"line":451,"column":null}},{"start":{},"end":{}}],"line":451},"45":{"loc":{"start":{"line":451,"column":12},"end":{"line":451,"column":70}},"type":"binary-expr","locations":[{"start":{"line":451,"column":12},"end":{"line":451,"column":22}},{"start":{"line":451,"column":22},"end":{"line":451,"column":48}},{"start":{"line":451,"column":48},"end":{"line":451,"column":70}}],"line":451},"46":{"loc":{"start":{"line":454,"column":10},"end":{"line":454,"column":null}},"type":"if","locations":[{"start":{"line":454,"column":10},"end":{"line":454,"column":null}},{"start":{},"end":{}}],"line":454},"47":{"loc":{"start":{"line":457,"column":10},"end":{"line":457,"column":null}},"type":"if","locations":[{"start":{"line":457,"column":10},"end":{"line":457,"column":null}},{"start":{},"end":{}}],"line":457},"48":{"loc":{"start":{"line":482,"column":8},"end":{"line":482,"column":null}},"type":"if","locations":[{"start":{"line":482,"column":8},"end":{"line":482,"column":null}},{"start":{},"end":{}}],"line":482},"49":{"loc":{"start":{"line":492,"column":8},"end":{"line":492,"column":null}},"type":"if","locations":[{"start":{"line":492,"column":8},"end":{"line":492,"column":null}},{"start":{},"end":{}}],"line":492},"50":{"loc":{"start":{"line":566,"column":41},"end":{"line":566,"column":73}},"type":"cond-expr","locations":[{"start":{"line":566,"column":62},"end":{"line":566,"column":71}},{"start":{"line":566,"column":71},"end":{"line":566,"column":73}}],"line":566}},"s":{"0":4,"1":130,"2":4,"3":93,"4":4,"5":4,"6":4,"7":64,"8":64,"9":64,"10":64,"11":0,"12":64,"13":4,"14":2,"15":2,"16":2,"17":2,"18":2,"19":6,"20":6,"21":6,"22":6,"23":6,"24":6,"25":3,"26":3,"27":3,"28":6,"29":3,"30":3,"31":3,"32":3,"33":2,"34":3,"35":3,"36":3,"37":2,"38":2,"39":2,"40":2,"41":2,"42":1,"43":1,"44":1,"45":1,"46":1,"47":0,"48":1,"49":1,"50":1,"51":4,"52":4,"53":0,"54":0,"55":0,"56":0,"57":0,"58":0,"59":0,"60":0,"61":0,"62":0,"63":0,"64":0,"65":0,"66":0,"67":0,"68":0,"69":33,"70":33,"71":33,"72":33,"73":0,"74":33,"75":33,"76":33,"77":33,"78":33,"79":33,"80":2,"81":2,"82":2,"83":2,"84":1,"85":2,"86":2,"87":2,"88":2,"89":2,"90":2,"91":2,"92":1,"93":2,"94":2,"95":2,"96":2,"97":2,"98":2,"99":2,"100":0,"101":2,"102":2,"103":2,"104":2,"105":2,"106":2,"107":2,"108":2,"109":2,"110":2,"111":2,"112":2,"113":0,"114":2,"115":2,"116":2,"117":2,"118":2,"119":2,"120":2,"121":2,"122":2,"123":2,"124":2,"125":2,"126":0,"127":2,"128":3,"129":2,"130":2,"131":2,"132":0,"133":2,"134":2,"135":2,"136":2,"137":5,"138":2,"139":2,"140":2,"141":2,"142":2,"143":2,"144":2,"145":0,"146":2,"147":3,"148":2,"149":5,"150":2,"151":0,"152":2,"153":2,"154":2,"155":2,"156":5,"157":2,"158":2,"159":2,"160":2,"161":2,"162":2,"163":2,"164":2,"165":2,"166":2,"167":2,"168":2,"169":2,"170":2,"171":2,"172":2,"173":2,"174":2,"175":2,"176":4,"177":4,"178":2,"179":2,"180":2,"181":2,"182":0,"183":2,"184":4,"185":2,"186":0,"187":2,"188":4,"189":2,"190":4,"191":2,"192":4,"193":2,"194":4,"195":2,"196":4,"197":2,"198":2,"199":4,"200":2,"201":2,"202":2,"203":3,"204":3,"205":3,"206":3,"207":0,"208":3,"209":2,"210":3,"211":2,"212":1,"213":1,"214":0,"215":1,"216":1,"217":1,"218":0,"219":1,"220":1,"221":1,"222":2,"223":1,"224":1,"225":1,"226":1,"227":7,"228":7,"229":2,"230":5,"231":5,"232":3,"233":3,"234":1,"235":2,"236":2,"237":2,"238":2,"239":2,"240":2,"241":2,"242":4,"243":83,"244":4,"245":4,"246":1,"247":3,"248":3,"249":3,"250":2,"251":2,"252":2,"253":4,"254":4,"255":4,"256":6,"257":8,"258":6,"259":6,"260":1,"261":1,"262":2,"263":2,"264":2,"265":2,"266":2,"267":2,"268":1,"269":1,"270":2,"271":2,"272":2},"f":{"0":130,"1":93,"2":4,"3":64,"4":64,"5":2,"6":2,"7":6,"8":6,"9":3,"10":3,"11":6,"12":3,"13":2,"14":2,"15":2,"16":1,"17":0,"18":4,"19":4,"20":0,"21":0,"22":0,"23":0,"24":0,"25":0,"26":33,"27":33,"28":33,"29":2,"30":2,"31":2,"32":1,"33":2,"34":2,"35":2,"36":1,"37":2,"38":2,"39":2,"40":2,"41":2,"42":2,"43":2,"44":2,"45":2,"46":2,"47":2,"48":2,"49":3,"50":2,"51":2,"52":5,"53":2,"54":2,"55":3,"56":5,"57":2,"58":5,"59":2,"60":2,"61":2,"62":2,"63":2,"64":2,"65":2,"66":2,"67":4,"68":4,"69":4,"70":4,"71":4,"72":4,"73":4,"74":4,"75":2,"76":4,"77":3,"78":3,"79":2,"80":1,"81":1,"82":2,"83":7,"84":7,"85":3,"86":3,"87":2,"88":2,"89":2,"90":4,"91":83,"92":4,"93":1,"94":3,"95":3,"96":3,"97":2,"98":2,"99":2,"100":4,"101":4,"102":6,"103":8,"104":6,"105":6,"106":1,"107":1,"108":2,"109":2,"110":2,"111":2,"112":2,"113":2,"114":1,"115":1,"116":2,"117":2,"118":2},"b":{"0":[93],"1":[0,64],"2":[2,1],"3":[1,1],"4":[0,0],"5":[0,33],"6":[33,0],"7":[1,0],"8":[0,2],"9":[2,2],"10":[2,0],"11":[1,1],"12":[0,2],"13":[2,2],"14":[2,0],"15":[1,1],"16":[0,2],"17":[3,3],"18":[3,3],"19":[0,2],"20":[2,2],"21":[2,2],"22":[2,0],"23":[2,3],"24":[0,2],"25":[3,3],"26":[3,3],"27":[0,2],"28":[2,2],"29":[2,2],"30":[2,0],"31":[2,3],"32":[2,0],"33":[2,1],"34":[2,0],"35":[2,1],"36":[2,2],"37":[0,2],"38":[0,2],"39":[4,0],"40":[4,0],"41":[4,4],"42":[2,0],"43":[0,3],"44":[2,1],"45":[3,2,1],"46":[0,1],"47":[0,1],"48":[2,5],"49":[1,2],"50":[1,1]},"meta":{"lastBranch":51,"lastFunction":119,"lastStatement":273,"seen":{"s:5:19:5:Infinity":0,"f:5:19:5:25":0,"s:5:25:5:Infinity":1,"s:8:24:16:Infinity":2,"f:8:24:8:25":1,"s:8:63:16:Infinity":3,"b:8:46:8:63":0,"s:107:13:526:Infinity":4,"f:107:50:107:51":2,"s:108:22:108:Infinity":5,"s:110:22:122:Infinity":6,"f:110:22:110:23":3,"s:111:4:121:Infinity":7,"f:111:8:111:9":4,"s:112:25:112:Infinity":8,"s:113:6:113:Infinity":9,"b:114:6:116:Infinity:undefined:undefined:undefined:undefined":1,"s:114:6:116:Infinity":10,"s:115:8:115:Infinity":11,"s:117:6:120:Infinity":12,"s:124:2:525:Infinity":13,"f:137:20:137:21":5,"s:138:6:143:Infinity":14,"f:138:10:138:11":6,"s:139:26:139:Infinity":15,"s:140:26:140:Infinity":16,"s:141:8:141:Infinity":17,"s:142:8:142:Infinity":18,"f:145:13:145:Infinity":7,"s:146:6:156:Infinity":19,"f:146:10:146:11":8,"s:147:26:147:Infinity":20,"s:148:24:148:Infinity":21,"s:149:26:153:Infinity":22,"s:154:8:154:Infinity":23,"s:155:8:155:Infinity":24,"f:158:16:158:17":9,"s:159:6:174:Infinity":25,"f:159:10:159:11":10,"s:160:26:160:Infinity":26,"s:161:25:161:Infinity":27,"f:161:56:161:57":11,"s:161:63:161:78":28,"s:162:27:162:Infinity":29,"f:162:40:162:41":12,"s:162:53:162:83":30,"s:163:23:163:Infinity":31,"b:164:8:166:Infinity:undefined:undefined:undefined:undefined":2,"s:164:8:166:Infinity":32,"s:165:10:165:Infinity":33,"s:167:26:171:Infinity":34,"s:172:8:172:Infinity":35,"s:173:8:173:Infinity":36,"f:176:19:176:20":13,"s:177:6:203:Infinity":37,"f:177:10:177:11":14,"s:178:26:178:Infinity":38,"s:179:26:179:Infinity":39,"f:179:60:179:61":15,"s:179:67:179:82":40,"b:180:8:180:Infinity:undefined:undefined:undefined:undefined":3,"s:180:8:180:Infinity":41,"s:180:30:180:Infinity":42,"s:181:27:181:Infinity":43,"s:182:34:187:Infinity":44,"f:186:44:186:45":16,"s:186:53:186:81":45,"s:188:25:195:Infinity":46,"f:191:62:191:63":17,"s:191:75:194:12":47,"s:196:26:200:Infinity":48,"s:201:8:201:Infinity":49,"s:202:8:202:Infinity":50,"f:205:20:205:21":18,"s:206:6:212:Infinity":51,"f:206:10:206:11":19,"s:206:22:212:8":52,"f:214:16:214:17":20,"s:215:6:225:Infinity":53,"f:215:10:215:11":21,"s:216:26:216:Infinity":54,"s:217:26:222:Infinity":55,"f:219:45:219:46":22,"s:220:12:220:Infinity":56,"b:220:30:220:53:220:53:220:Infinity":4,"s:223:8:223:Infinity":57,"s:224:8:224:Infinity":58,"f:227:18:227:19":23,"s:228:6:240:Infinity":59,"f:228:10:228:11":24,"s:229:26:229:Infinity":60,"s:230:25:230:Infinity":61,"s:231:26:231:Infinity":62,"s:232:8:232:Infinity":63,"s:233:27:233:Infinity":64,"f:233:40:233:41":25,"s:233:53:233:83":65,"s:234:26:237:Infinity":66,"s:238:8:238:Infinity":67,"s:239:8:239:Infinity":68,"f:242:16:242:17":26,"s:243:6:256:Infinity":69,"f:243:10:243:11":27,"s:244:26:244:Infinity":70,"s:245:28:245:Infinity":71,"b:246:8:246:Infinity:undefined:undefined:undefined:undefined":5,"s:246:8:246:Infinity":72,"s:246:26:246:Infinity":73,"s:247:27:247:Infinity":74,"s:248:25:252:Infinity":75,"f:248:53:248:54":28,"s:249:10:251:Infinity":76,"b:250:14:250:Infinity:251:14:251:Infinity":6,"s:253:26:253:Infinity":77,"s:254:8:254:Infinity":78,"s:255:8:255:Infinity":79,"f:258:19:258:20":29,"s:259:6:268:Infinity":80,"f:259:10:259:11":30,"s:260:26:260:Infinity":81,"s:261:25:264:Infinity":82,"f:261:53:261:54":31,"s:261:61:264:10":83,"f:263:35:263:36":32,"s:263:44:263:86":84,"b:263:59:263:83:263:83:263:86":7,"s:265:26:265:Infinity":85,"s:266:8:266:Infinity":86,"s:267:8:267:Infinity":87,"f:270:19:270:20":33,"s:271:6:280:Infinity":88,"f:271:10:271:11":34,"s:272:26:272:Infinity":89,"s:273:25:276:Infinity":90,"f:273:53:273:54":35,"s:273:61:276:10":91,"f:275:38:275:39":36,"s:275:46:275:58":92,"s:277:26:277:Infinity":93,"s:278:8:278:Infinity":94,"s:279:8:279:Infinity":95,"f:282:18:282:19":37,"s:283:6:301:Infinity":96,"f:283:10:283:11":38,"s:284:26:284:Infinity":97,"s:285:28:285:Infinity":98,"b:286:8:286:Infinity:undefined:undefined:undefined:undefined":8,"s:286:8:286:Infinity":99,"s:286:26:286:Infinity":100,"s:287:26:287:Infinity":101,"f:287:63:287:64":39,"s:287:71:287:85":102,"b:287:71:287:84:287:84:287:85":9,"s:288:25:297:Infinity":103,"f:288:53:288:54":40,"s:289:10:296:Infinity":104,"b:290:14:295:Infinity:296:14:296:Infinity":10,"f:292:41:292:42":41,"s:293:18:293:Infinity":105,"b:293:40:293:75:293:75:293:Infinity":11,"s:298:26:298:Infinity":106,"s:299:8:299:Infinity":107,"s:300:8:300:Infinity":108,"f:303:16:303:17":42,"s:304:6:322:Infinity":109,"f:304:10:304:11":43,"s:305:26:305:Infinity":110,"s:306:28:306:Infinity":111,"b:307:8:307:Infinity:undefined:undefined:undefined:undefined":12,"s:307:8:307:Infinity":112,"s:307:26:307:Infinity":113,"s:308:26:308:Infinity":114,"f:308:63:308:64":44,"s:308:71:308:85":115,"b:308:71:308:84:308:84:308:85":13,"s:309:25:318:Infinity":116,"f:309:53:309:54":45,"s:310:10:317:Infinity":117,"b:311:14:316:Infinity:317:14:317:Infinity":14,"f:313:41:313:42":46,"s:314:18:314:Infinity":118,"b:314:40:314:75:314:75:314:Infinity":15,"s:319:26:319:Infinity":119,"s:320:8:320:Infinity":120,"s:321:8:321:Infinity":121,"f:324:18:324:19":47,"s:325:6:347:Infinity":122,"f:325:10:325:11":48,"s:326:26:326:Infinity":123,"s:327:28:327:Infinity":124,"b:328:8:328:Infinity:undefined:undefined:undefined:undefined":16,"s:328:8:328:Infinity":125,"s:328:26:328:Infinity":126,"s:329:31:329:Infinity":127,"f:329:62:329:63":49,"s:329:66:329:105":128,"b:329:73:329:85:329:85:329:91":17,"b:329:91:329:103:329:103:329:105":18,"s:330:26:330:Infinity":129,"f:330:51:330:52":50,"s:330:59:330:78":130,"b:331:8:331:Infinity:undefined:undefined:undefined:undefined":19,"s:331:8:331:Infinity":131,"b:331:12:331:32:331:32:331:72":20,"s:331:72:331:Infinity":132,"s:332:29:332:Infinity":133,"s:333:14:333:Infinity":134,"b:333:30:333:53:333:53:333:58":21,"s:334:25:343:Infinity":135,"f:334:53:334:54":51,"s:335:10:342:Infinity":136,"b:336:14:341:Infinity:342:14:342:Infinity":22,"f:338:41:338:42":52,"s:339:18:339:Infinity":137,"b:339:40:339:74:339:74:339:Infinity":23,"s:344:26:344:Infinity":138,"s:345:8:345:Infinity":139,"s:346:8:346:Infinity":140,"f:349:18:349:19":53,"s:350:6:372:Infinity":141,"f:350:10:350:11":54,"s:351:26:351:Infinity":142,"s:352:28:352:Infinity":143,"b:353:8:353:Infinity:undefined:undefined:undefined:undefined":24,"s:353:8:353:Infinity":144,"s:353:26:353:Infinity":145,"s:354:31:354:Infinity":146,"f:354:62:354:63":55,"s:354:66:354:105":147,"b:354:73:354:85:354:85:354:91":25,"b:354:91:354:103:354:103:354:105":26,"s:355:26:355:Infinity":148,"f:355:51:355:52":56,"s:355:59:355:78":149,"b:356:8:356:Infinity:undefined:undefined:undefined:undefined":27,"s:356:8:356:Infinity":150,"b:356:12:356:32:356:32:356:48":28,"s:356:48:356:Infinity":151,"s:357:29:357:Infinity":152,"s:358:14:358:Infinity":153,"b:358:30:358:53:358:53:358:58":29,"s:359:25:368:Infinity":154,"f:359:53:359:54":57,"s:360:10:367:Infinity":155,"b:361:14:366:Infinity:367:14:367:Infinity":30,"f:363:41:363:42":58,"s:364:18:364:Infinity":156,"b:364:40:364:74:364:74:364:Infinity":31,"s:369:26:369:Infinity":157,"s:370:8:370:Infinity":158,"s:371:8:371:Infinity":159,"f:374:22:374:23":59,"s:375:6:386:Infinity":160,"f:375:10:375:11":60,"s:376:26:376:Infinity":161,"s:377:25:382:Infinity":162,"f:377:53:377:54":61,"s:377:61:382:10":163,"f:379:35:379:36":62,"s:380:12:380:Infinity":164,"b:380:34:380:78:380:78:380:Infinity":32,"b:380:54:380:68:380:68:380:74":33,"s:383:26:383:Infinity":165,"s:384:8:384:Infinity":166,"s:385:8:385:Infinity":167,"f:388:16:388:17":63,"s:389:6:400:Infinity":168,"f:389:10:389:11":64,"s:390:26:390:Infinity":169,"s:391:25:396:Infinity":170,"f:391:53:391:54":65,"s:391:61:396:10":171,"f:393:35:393:36":66,"s:394:12:394:Infinity":172,"b:394:34:394:77:394:77:394:Infinity":34,"b:394:53:394:66:394:66:394:73":35,"s:397:26:397:Infinity":173,"s:398:8:398:Infinity":174,"s:399:8:399:Infinity":175,"f:402:19:402:20":67,"s:403:6:442:Infinity":176,"f:403:10:403:11":68,"b:404:8:404:Infinity:undefined:undefined:undefined:undefined":36,"s:404:8:404:Infinity":177,"s:404:35:404:Infinity":178,"s:406:26:406:Infinity":179,"s:407:28:407:Infinity":180,"b:408:8:408:Infinity:undefined:undefined:undefined:undefined":37,"s:408:8:408:Infinity":181,"s:408:26:408:Infinity":182,"s:410:30:410:Infinity":183,"f:410:58:410:59":69,"s:410:66:410:92":184,"b:411:8:411:Infinity:undefined:undefined:undefined:undefined":38,"s:411:8:411:Infinity":185,"s:411:38:411:Infinity":186,"s:413:21:413:Infinity":187,"f:413:51:413:52":70,"s:413:59:413:72":188,"s:414:21:414:Infinity":189,"f:414:51:414:52":71,"s:414:59:414:72":190,"s:415:21:415:Infinity":191,"f:415:51:415:52":72,"s:415:59:415:96":192,"b:415:76:415:94:415:94:415:96":39,"s:416:21:416:Infinity":193,"f:416:51:416:52":73,"s:416:59:416:97":194,"b:416:76:416:95:416:95:416:97":40,"s:418:35:428:Infinity":195,"f:426:48:426:49":74,"s:426:56:426:70":196,"b:426:56:426:69:426:69:426:70":41,"s:430:25:437:Infinity":197,"f:430:53:430:54":75,"s:431:10:436:Infinity":198,"b:432:14:435:Infinity:436:14:436:Infinity":42,"f:434:48:434:49":76,"s:434:56:434:83":199,"s:439:26:439:Infinity":200,"s:440:8:440:Infinity":201,"s:441:8:441:Infinity":202,"f:444:20:444:21":77,"s:445:6:478:Infinity":203,"f:445:10:445:11":78,"s:446:26:446:Infinity":204,"s:447:28:447:Infinity":205,"b:448:8:448:Infinity:undefined:undefined:undefined:undefined":43,"s:448:8:448:Infinity":206,"s:448:26:448:Infinity":207,"s:450:22:450:Infinity":208,"f:450:48:450:49":79,"s:450:56:450:73":209,"b:451:8:451:Infinity:undefined:undefined:undefined:undefined":44,"s:451:8:451:Infinity":210,"b:451:12:451:22:451:22:451:48:451:48:451:70":45,"s:451:70:451:Infinity":211,"s:453:25:473:Infinity":212,"f:453:53:453:54":80,"b:454:10:454:Infinity:undefined:undefined:undefined:undefined":46,"s:454:10:454:Infinity":213,"s:454:58:454:Infinity":214,"s:456:29:456:Infinity":215,"f:456:50:456:51":81,"s:456:58:456:75":216,"b:457:10:457:Infinity:undefined:undefined:undefined:undefined":47,"s:457:10:457:Infinity":217,"s:457:33:457:Infinity":218,"s:459:33:459:Infinity":219,"s:460:32:460:Infinity":220,"s:461:36:467:Infinity":221,"f:461:61:461:62":82,"s:461:73:467:12":222,"s:469:10:472:Infinity":223,"s:475:26:475:Infinity":224,"s:476:8:476:Infinity":225,"s:477:8:477:Infinity":226,"f:480:10:480:Infinity":83,"s:481:6:488:Infinity":227,"f:481:10:481:11":84,"b:482:8:482:Infinity:undefined:undefined:undefined:undefined":48,"s:482:8:482:Infinity":228,"s:482:36:482:Infinity":229,"s:483:22:483:Infinity":230,"s:484:8:487:Infinity":231,"f:490:10:490:Infinity":85,"s:491:6:498:Infinity":232,"f:491:10:491:11":86,"b:492:8:492:Infinity:undefined:undefined:undefined:undefined":49,"s:492:8:492:Infinity":233,"s:492:60:492:Infinity":234,"s:493:22:493:Infinity":235,"s:494:8:497:Infinity":236,"f:500:13:500:19":87,"s:501:20:501:Infinity":237,"s:502:6:502:Infinity":238,"f:505:13:505:19":88,"s:506:20:506:Infinity":239,"s:507:6:507:Infinity":240,"f:509:19:509:20":89,"s:509:27:509:Infinity":241,"f:510:20:510:21":90,"s:510:30:510:Infinity":242,"f:511:17:511:Infinity":91,"s:512:6:524:Infinity":243,"s:528:13:545:Infinity":244,"f:528:56:528:57":92,"s:528:66:545:2":245,"f:537:16:537:17":93,"s:537:31:537:Infinity":246,"f:538:17:538:18":94,"s:538:33:538:Infinity":247,"f:539:16:539:17":95,"s:539:31:539:Infinity":248,"f:540:13:540:14":96,"s:540:25:540:Infinity":249,"f:541:23:541:24":97,"s:541:37:541:Infinity":250,"f:542:23:542:24":98,"s:542:37:542:Infinity":251,"f:543:20:543:21":99,"s:543:31:543:Infinity":252,"f:544:14:544:15":100,"s:544:27:544:Infinity":253,"s:547:13:576:Infinity":254,"f:547:46:547:47":101,"s:547:56:576:2":255,"f:552:11:552:12":102,"s:552:21:552:Infinity":256,"f:553:14:553:15":103,"s:553:27:553:Infinity":257,"f:554:16:554:17":104,"s:554:31:554:Infinity":258,"f:555:22:555:23":105,"s:555:32:555:Infinity":259,"f:556:13:556:14":106,"s:557:4:559:Infinity":260,"f:557:8:557:9":107,"s:557:20:559:6":261,"f:560:16:560:17":108,"s:561:4:563:Infinity":262,"f:561:8:561:9":109,"s:561:20:563:6":263,"f:562:36:562:37":110,"s:562:43:562:54":264,"f:564:16:564:17":111,"s:565:4:567:Infinity":265,"f:565:8:565:9":112,"s:565:20:567:6":266,"f:566:33:566:34":113,"s:566:41:566:73":267,"b:566:62:566:71:566:71:566:73":50,"f:568:15:568:16":114,"s:569:4:571:Infinity":268,"f:569:8:569:9":115,"s:569:20:571:6":269,"f:572:18:572:19":116,"s:573:4:575:Infinity":270,"f:573:8:573:9":117,"s:573:20:575:6":271,"f:574:40:574:41":118,"s:574:47:574:66":272},"fnNames":{}}}
}
